0 info it worked if it ends with ok
1 verbose cli [ '/usr/bin/node', '/usr/bin/npm', 'start' ]
2 info using npm@3.9.0
3 info using node@v6.2.0
4 verbose run-script [ 'prestart', 'start', 'poststart' ]
5 info lifecycle example@0.0.1~prestart: example@0.0.1
6 silly lifecycle example@0.0.1~prestart: no script for prestart, continuing
7 info lifecycle example@0.0.1~start: example@0.0.1
8 verbose lifecycle example@0.0.1~start: unsafe-perm in lifecycle true
9 verbose lifecycle example@0.0.1~start: PATH: /usr/lib/node_modules/npm/bin/node-gyp-bin:/app/node_modules/.bin:/usr/bin:/usr/local/sbin:/usr/local/bin:/usr/sbin:/usr/bin:/sbin:/bin
10 verbose lifecycle example@0.0.1~start: CWD: /app
11 silly lifecycle example@0.0.1~start: Args: [ '-c', 'micro -p 3000 .' ]
12 info lifecycle example@0.0.1~start: Failed to exec start script
13 verbose stack Error: example@0.0.1 start: `micro -p 3000 .`
13 verbose stack spawn ENOENT
13 verbose stack     at ChildProcess.<anonymous> (/usr/lib/node_modules/npm/lib/utils/spawn.js:17:16)
13 verbose stack     at emitTwo (events.js:106:13)
13 verbose stack     at ChildProcess.emit (events.js:191:7)
13 verbose stack     at maybeClose (internal/child_process.js:850:16)
13 verbose stack     at Process.ChildProcess._handle.onexit (internal/child_process.js:215:5)
14 verbose pkgid example@0.0.1
15 verbose cwd /app
16 error Linux 4.4.66-boot2docker
17 error argv "/usr/bin/node" "/usr/bin/npm" "start"
18 error node v6.2.0
19 error npm  v3.9.0
20 error file sh
21 error code ELIFECYCLE
22 error errno ENOENT
23 error syscall spawn
24 error example@0.0.1 start: `micro -p 3000 .`
24 error spawn ENOENT
25 error Failed at the example@0.0.1 start script 'micro -p 3000 .'.
25 error Make sure you have the latest version of node.js and npm installed.
25 error If you do, this is most likely a problem with the example package,
25 error not with npm itself.
25 error Tell the author that this fails on your system:
25 error     micro -p 3000 .
25 error You can get information on how to open an issue for this project with:
25 error     npm bugs example
25 error Or if that isn't available, you can get their info via:
25 error     npm owner ls example
25 error There is likely additional logging output above.
26 verbose exit [ 1, true ]
